commit 9ed4bdd81c775df701887caf325833fc89f3d18c
Author: Robinson Rodriguez <roberto29trap@gmail.com>
Date:   Fri Mar 3 20:43:37 2023 -0500

    agregando las estaciones del año

commit 9e7fad42b7ea2973b913047cd9db3e1795f33908
Author: Robinson Rodriguez <roberto29trap@gmail.com>
Date:   Fri Mar 3 20:33:20 2023 -0500

    agregando inde.js

commit 2f82e4f8ef777175cf93def38f0490052c8cdd45
Author: Robinson Rodriguez <roberto29trap@gmail.com>
Date:   Fri Mar 3 15:40:51 2023 -0500

    creando archivo inde.html

commit 331dcc345e42a595f764e279ba3263fb4de95578
Author: Robinson Rodriguez <roberto29trap@gmail.com>
Date:   Fri Mar 3 15:18:35 2023 -0500

    ignarando archivos exe

commit ac7cac6e1eada1f02b558a51105cda677fed8a09
Author: Robinson Rodriguez <roberto29trap@gmail.com>
Date:   Fri Mar 3 11:33:37 2023 -0500

    agregando contenido al README

commit f7b5635af251d50b60692d5300689edb852d9c60
Author: Robinson Rodriguez <roberto29trap@gmail.com>
Date:   Fri Mar 3 11:26:50 2023 -0500

    primer commit 🥳
